<?xml version="1.0" encoding="UTF-8"?>
<!-- Generated by org.testng.reporters.JUnitReportReporter -->
<testsuite hostname="LAPTOP-H4MMLA92" failures="0" tests="1" name="module_1.Tc_01" time="0.010" errors="0" timestamp="2025-08-20T14:45:30 IST" skipped="0">
  <testcase classname="module_1.Tc_01" name="demoTest" time="0.010"/>
</testsuite> <!-- module_1.Tc_01 -->
